Using pre-set license
Built from '2021.1/release' branch; Version is '2021.1.16f1 (5fa502fca597) revision 6268162'; Using compiler version '192528614'; Build Type 'Release'
OS: 'Windows 10 Enterprise; OS build 19042.1165; Version 2009; 64bit' Language: 'en' Physical Memory: 8088 MB
BatchMode: 1, IsHumanControllingUs: 0, StartBugReporterOnCrash: 0, Is64bit: 1, IsPro: 0

 COMMAND LINE ARGUMENTS:
C:\Program Files\Unity\Hub\Editor\2021.1.16f1\Editor\Unity.exe
-adb2
-batchMode
-noUpm
-name
AssetImportWorker2
-projectPath
C:/Users/duket/OneDrive/Documents/NSF REU HUMANS MOVE/3D SHARKS
-logFile
Logs/AssetImportWorker2.log
-srvPort
64802
Successfully changed project path to: C:/Users/duket/OneDrive/Documents/NSF REU HUMANS MOVE/3D SHARKS
C:/Users/duket/OneDrive/Documents/NSF REU HUMANS MOVE/3D SHARKS
Using Asset Import Pipeline V2.
Refreshing native plugins compatible for Editor in 1830.75 ms, found 7 plugins.
Preloading 1 native plugins for Editor in 3.88 ms.
Initialize engine version: 2021.1.16f1 (5fa502fca597)
[Subsystems] Discovering subsystems at path C:/Program Files/Unity/Hub/Editor/2021.1.16f1/Editor/Data/Resources/UnitySubsystems
[Subsystems] Discovering subsystems at path C:/Users/duket/OneDrive/Documents/NSF REU HUMANS MOVE/3D SHARKS/Assets
GfxDevice: creating device client; threaded=0; jobified=0
